c:\users\danae\desktop\programming\databases\jeopardy2023\jeopardy2023\x64\debug\texture.obj
c:\users\danae\desktop\programming\databases\jeopardy2023\jeopardy2023\x64\debug\main.obj
c:\users\danae\desktop\programming\databases\jeopardy2023\jeopardy2023\x64\debug\window.obj
c:\users\danae\desktop\programming\databases\jeopardy2023\jeopardy2023\x64\debug\rectangle.obj
c:\users\danae\desktop\programming\databases\jeopardy2023\jeopardy2023\x64\debug\database.obj
c:\users\danae\desktop\programming\databases\jeopardy2023\jeopardy2023\x64\debug\text.obj
c:\users\danae\desktop\programming\databases\jeopardy2023\jeopardy2023\x64\debug\timer.obj
c:\users\danae\desktop\programming\databases\jeopardy2023\x64\debug\jeopardy2023.exe
c:\users\danae\desktop\programming\databases\jeopardy2023\jeopardy2023\x64\debug\jeopardy2023.ilk
c:\users\danae\desktop\programming\databases\jeopardy2023\x64\debug\jeopardy2023.pdb
c:\users\danae\desktop\programming\databases\jeopardy2023\jeopardy2023\x64\debug\jeopardy2023.res
c:\users\danae\desktop\programming\databases\jeopardy2023\jeopardy2023\x64\debug\button.obj
c:\users\danae\desktop\programming\databases\jeopardy2023\jeopardy2023\x64\debug\vc143.idb
c:\users\danae\desktop\programming\databases\jeopardy2023\jeopardy2023\x64\debug\vc143.pdb
c:\users\danae\desktop\programming\databases\jeopardy2023\jeopardy2023\x64\debug\jeopardy2023.tlog\cl.command.1.tlog
c:\users\danae\desktop\programming\databases\jeopardy2023\jeopardy2023\x64\debug\jeopardy2023.tlog\cl.read.1.tlog
c:\users\danae\desktop\programming\databases\jeopardy2023\jeopardy2023\x64\debug\jeopardy2023.tlog\cl.write.1.tlog
c:\users\danae\desktop\programming\databases\jeopardy2023\jeopardy2023\x64\debug\jeopardy2023.tlog\link.command.1.tlog
c:\users\danae\desktop\programming\databases\jeopardy2023\jeopardy2023\x64\debug\jeopardy2023.tlog\link.read.1.tlog
c:\users\danae\desktop\programming\databases\jeopardy2023\jeopardy2023\x64\debug\jeopardy2023.tlog\link.write.1.tlog
c:\users\danae\desktop\programming\databases\jeopardy2023\jeopardy2023\x64\debug\jeopardy2023.tlog\rc.command.1.tlog
c:\users\danae\desktop\programming\databases\jeopardy2023\jeopardy2023\x64\debug\jeopardy2023.tlog\rc.read.1.tlog
c:\users\danae\desktop\programming\databases\jeopardy2023\jeopardy2023\x64\debug\jeopardy2023.tlog\rc.write.1.tlog
