  main.cpp
C:\Users\danae\Desktop\Programming\databases\Jeopardy2023\Jeopardy2023\main.cpp(44,34): error C2065: 'categoryName': undeclared identifier
C:\Users\danae\Desktop\Programming\databases\Jeopardy2023\Jeopardy2023\main.cpp(98,73): error C2676: binary '==': 'SDL_MouseButtonEvent' does not define this operator or a conversion to a type acceptable to the predefined operator
C:\Program Files\Microsoft Visual Studio\2022\Community\VC\Tools\MSVC\14.33.31629\include\memory(3527,17): message : could be 'bool std::operator ==(std::nullptr_t,const std::unique_ptr<_Ty,_Dx> &) noexcept'
C:\Users\danae\Desktop\Programming\databases\Jeopardy2023\Jeopardy2023\main.cpp(98,73): error C2784: 'bool std::operator ==(std::nullptr_t,const std::unique_ptr<_Ty,_Dx> &) noexcept': could not deduce template argument for 'const std::unique_ptr<_Ty,_Dx> &' from 'int'
C:\Program Files\Microsoft Visual Studio\2022\Community\VC\Tools\MSVC\14.33.31629\include\memory(3527): message : see declaration of 'std::operator =='
C:\Users\danae\Desktop\Programming\databases\Jeopardy2023\Jeopardy2023\main.cpp(98,73): error C2784: 'bool std::operator ==(const std::unique_ptr<_Ty,_Dx> &,std::nullptr_t) noexcept': could not deduce template argument for 'const std::unique_ptr<_Ty,_Dx> &' from 'SDL_MouseButtonEvent'
C:\Users\danae\Desktop\Programming\databases\Jeopardy2023\Jeopardy2023\main.cpp(98,73): error C2784: 'bool std::operator ==(const std::unique_ptr<_Ty,_Dx> &,const std::unique_ptr<_Ty2,_Dx2> &)': could not deduce template argument for 'const std::unique_ptr<_Ty,_Dx> &' from 'SDL_MouseButtonEvent'
C:\Users\danae\Desktop\Programming\databases\Jeopardy2023\Jeopardy2023\main.cpp(98,73): error C2784: 'bool std::operator ==(std::nullptr_t,const std::shared_ptr<_Ty> &) noexcept': could not deduce template argument for 'const std::shared_ptr<_Ty> &' from 'int'
C:\Users\danae\Desktop\Programming\databases\Jeopardy2023\Jeopardy2023\main.cpp(98,73): error C2784: 'bool std::operator ==(const std::shared_ptr<_Ty> &,std::nullptr_t) noexcept': could not deduce template argument for 'const std::shared_ptr<_Ty> &' from 'SDL_MouseButtonEvent'
C:\Users\danae\Desktop\Programming\databases\Jeopardy2023\Jeopardy2023\main.cpp(98,73): error C2784: 'bool std::operator ==(const std::shared_ptr<_Ty> &,const std::shared_ptr<_Ty0> &) noexcept': could not deduce template argument for 'const std::shared_ptr<_Ty> &' from 'SDL_MouseButtonEvent'
C:\Users\danae\Desktop\Programming\databases\Jeopardy2023\Jeopardy2023\main.cpp(98,73): error C2784: 'bool std::operator ==(const std::istreambuf_iterator<_Elem,_Traits> &,const std::istreambuf_iterator<_Elem,_Traits> &)': could not deduce template argument for 'const std::istreambuf_iterator<_Elem,_Traits> &' from 'SDL_MouseButtonEvent'
C:\Users\danae\Desktop\Programming\databases\Jeopardy2023\Jeopardy2023\main.cpp(98,73): error C2784: 'bool std::operator ==(const std::istream_iterator<_Ty,_Elem,_Traits,_Diff> &,const std::istream_iterator<_Ty,_Elem,_Traits,_Diff> &) noexcept': could not deduce template argument for 'const std::istream_iterator<_Ty,_Elem,_Traits,_Diff> &' from 'SDL_MouseButtonEvent'
C:\Users\danae\Desktop\Programming\databases\Jeopardy2023\Jeopardy2023\main.cpp(98,73): error C2784: 'bool std::operator ==(const std::tuple<_Types...> &,const std::tuple<_Types...> &)': could not deduce template argument for 'const std::tuple<_Types...> &' from 'SDL_MouseButtonEvent'
C:\Users\danae\Desktop\Programming\databases\Jeopardy2023\Jeopardy2023\main.cpp(98,73): error C2784: 'bool std::operator ==(const _Elem *const ,const std::basic_string<_Elem,_Traits,_Alloc> &)': could not deduce template argument for 'const _Elem *const ' from 'SDL_MouseButtonEvent'
C:\Users\danae\Desktop\Programming\databases\Jeopardy2023\Jeopardy2023\main.cpp(98,73): error C2784: 'bool std::operator ==(const std::basic_string<_Elem,_Traits,_Alloc> &,const _Elem *const )': could not deduce template argument for 'const std::basic_string<_Elem,_Traits,_Alloc> &' from 'SDL_MouseButtonEvent'
C:\Users\danae\Desktop\Programming\databases\Jeopardy2023\Jeopardy2023\main.cpp(98,73): error C2784: 'bool std::operator ==(const std::basic_string<_Elem,_Traits,_Alloc> &,const std::basic_string<_Elem,_Traits,_Alloc> &) noexcept': could not deduce template argument for 'const std::basic_string<_Elem,_Traits,_Alloc> &' from 'SDL_MouseButtonEvent'
C:\Users\danae\Desktop\Programming\databases\Jeopardy2023\Jeopardy2023\main.cpp(98,73): error C2784: 'bool std::operator ==(const std::vector<_Ty,_Alloc> &,const std::vector<_Ty,_Alloc> &)': could not deduce template argument for 'const std::vector<_Ty,_Alloc> &' from 'SDL_MouseButtonEvent'
C:\Users\danae\Desktop\Programming\databases\Jeopardy2023\Jeopardy2023\main.cpp(98,73): error C2784: 'bool std::operator ==(const std::allocator<_Ty> &,const std::allocator<_Other> &) noexcept': could not deduce template argument for 'const std::allocator<_Ty> &' from 'SDL_MouseButtonEvent'
C:\Users\danae\Desktop\Programming\databases\Jeopardy2023\Jeopardy2023\main.cpp(98,73): error C2784: 'bool std::operator ==(const std::move_iterator<_Iter> &,const std::move_iterator<_Iter2> &)': could not deduce template argument for 'const std::move_iterator<_Iter> &' from 'SDL_MouseButtonEvent'
C:\Users\danae\Desktop\Programming\databases\Jeopardy2023\Jeopardy2023\main.cpp(98,73): error C2784: 'bool std::operator ==(const std::reverse_iterator<_BidIt> &,const std::reverse_iterator<_BidIt2> &)': could not deduce template argument for 'const std::reverse_iterator<_BidIt> &' from 'SDL_MouseButtonEvent'
C:\Users\danae\Desktop\Programming\databases\Jeopardy2023\Jeopardy2023\main.cpp(98,73): error C2784: 'bool std::operator ==(const std::pair<_Ty1,_Ty2> &,const std::pair<_Ty1,_Ty2> &)': could not deduce template argument for 'const std::pair<_Ty1,_Ty2> &' from 'SDL_MouseButtonEvent'
C:\Users\danae\Desktop\Programming\databases\Jeopardy2023\Jeopardy2023\main.cpp(110,67): error C2660: 'showRectangles': function does not take 3 arguments
C:\Users\danae\Desktop\Programming\databases\Jeopardy2023\Jeopardy2023\main.cpp(24,6): message : see declaration of 'showRectangles'
